/home/tranthach/Videos/convert image to text/xulyanh-server
/home/tranthach/Videos/convert image to text/xulyanh-server/uploads/
Exception on /process_image [POST]
Traceback (most recent call last):
  File "/home/tranthach/.local/lib/python3.6/site-packages/flask/app.py", line 2292, in wsgi_app
    response = self.full_dispatch_request()
  File "/home/tranthach/.local/lib/python3.6/site-packages/flask/app.py", line 1815, in full_dispatch_request
    rv = self.handle_user_exception(e)
  File "/home/tranthach/.local/lib/python3.6/site-packages/flask_cors/extension.py", line 161, in wrapped_function
    return cors_after_request(app.make_response(f(*args, **kwargs)))
  File "/home/tranthach/.local/lib/python3.6/site-packages/flask/app.py", line 1718, in handle_user_exception
    reraise(exc_type, exc_value, tb)
  File "/home/tranthach/.local/lib/python3.6/site-packages/flask/_compat.py", line 35, in reraise
    raise value
  File "/home/tranthach/.local/lib/python3.6/site-packages/flask/app.py", line 1813, in full_dispatch_request
    rv = self.dispatch_request()
  File "/home/tranthach/.local/lib/python3.6/site-packages/flask/app.py", line 1799, in dispatch_request
    return self.view_functions[rule.endpoint](**req.view_args)
  File "app.py", line 46, in api_process_image
    result_text = convert_imge_text(img_opencv)
  File "app.py", line 282, in convert_imge_text
    bg_int.append(ii[i, y - 1])
TypeError: 'function' object is not subscriptable
/home/tranthach/Videos/convert image to text/xulyanh-server
/home/tranthach/Videos/convert image to text/xulyanh-server/uploads/
saving /home/tranthach/Videos/convert image to text/xulyanh-server/uploads/convo-1-text-13.docx
/home/tranthach/Videos/convert image to text/xulyanh-server
/home/tranthach/Videos/convert image to text/xulyanh-server/uploads/
saving /home/tranthach/Videos/convert image to text/xulyanh-server/uploads/convo-1-text-13.docx
/home/tranthach/Videos/convert image to text/xulyanh-server
/home/tranthach/Videos/convert image to text/xulyanh-server/uploads/
saving /home/tranthach/Videos/convert image to text/xulyanh-server/uploads/figure-65.docx
/home/tranthach/Videos/convert image to text/xulyanh-server
/home/tranthach/Videos/convert image to text/xulyanh-server/uploads/
saving /home/tranthach/Videos/convert image to text/xulyanh-server/uploads/figure-65.docx
/home/tranthach/Videos/convert image to text/xulyanh-server
/home/tranthach/Videos/convert image to text/xulyanh-server/uploads/
saving /home/tranthach/Videos/convert image to text/xulyanh-server/uploads/t3qWG.docx
/home/tranthach/Videos/convert image to text/xulyanh-server
/home/tranthach/Videos/convert image to text/xulyanh-server/uploads/
saving /home/tranthach/Videos/convert image to text/xulyanh-server/uploads/maxresdefault.docx
/home/tranthach/Videos/convert image to text/xulyanh-server
/home/tranthach/Videos/convert image to text/xulyanh-server/uploads/
saving /home/tranthach/Videos/convert image to text/xulyanh-server/uploads/maxresdefault.docx
/home/tranthach/Videos/convert image to text/xulyanh-server
/home/tranthach/Videos/convert image to text/xulyanh-server/uploads/
saving /home/tranthach/Videos/convert image to text/xulyanh-server/uploads/maxresdefault.docx
/home/tranthach/Videos/convert image to text/xulyanh-server
/home/tranthach/Videos/convert image to text/xulyanh-server/uploads/
saving /home/tranthach/Videos/convert image to text/xulyanh-server/uploads/maxresdefault.docx
/home/tranthach/Videos/convert image to text/xulyanh-server
/home/tranthach/Videos/convert image to text/xulyanh-server/uploads/
saving /home/tranthach/Videos/convert image to text/xulyanh-server/uploads/maxresdefault.docx
/home/tranthach/Videos/convert image to text/xulyanh-server
/home/tranthach/Videos/convert image to text/xulyanh-server/uploads/
saving /home/tranthach/Videos/convert image to text/xulyanh-server/uploads/maxresdefault.docx
/home/tranthach/Videos/convert image to text/xulyanh-server
/home/tranthach/Videos/convert image to text/xulyanh-server/uploads/
saving /home/tranthach/Videos/convert image to text/xulyanh-server/uploads/maxresdefault.docx
/home/tranthach/Videos/convert image to text/xulyanh-server
/home/tranthach/Videos/convert image to text/xulyanh-server/uploads/
saving /home/tranthach/Videos/convert image to text/xulyanh-server/uploads/maxresdefault.docx
/home/tranthach/Videos/convert image to text/xulyanh-server
/home/tranthach/Videos/convert image to text/xulyanh-server/uploads/
saving /home/tranthach/Videos/convert image to text/xulyanh-server/uploads/maxresdefault.docx
/home/tranthach/Videos/convert image to text/xulyanh-server
/home/tranthach/Videos/convert image to text/xulyanh-server/uploads/
saving /home/tranthach/Videos/convert image to text/xulyanh-server/uploads/maxresdefault.docx
/home/tranthach/Videos/convert image to text/xulyanh-server
/home/tranthach/Videos/convert image to text/xulyanh-server/uploads/
saving /home/tranthach/Videos/convert image to text/xulyanh-server/uploads/maxresdefault.docx
/home/tranthach/Videos/convert image to text/xulyanh-server
/home/tranthach/Videos/convert image to text/xulyanh-server/uploads/
saving /home/tranthach/Videos/convert image to text/xulyanh-server/uploads/maxresdefault.docx
/home/tranthach/Videos/convert image to text/xulyanh-server
/home/tranthach/Videos/convert image to text/xulyanh-server/uploads/
saving /home/tranthach/Videos/convert image to text/xulyanh-server/uploads/maxresdefault.docx
/home/tranthach/Videos/convert image to text/xulyanh-server
/home/tranthach/Videos/convert image to text/xulyanh-server/uploads/
saving /home/tranthach/Videos/convert image to text/xulyanh-server/uploads/maxresdefault.docx
/home/tranthach/Videos/convert image to text/xulyanh-server
/home/tranthach/Videos/convert image to text/xulyanh-server/uploads/
saving /home/tranthach/Videos/convert image to text/xulyanh-server/uploads/maxresdefault.docx
/home/tranthach/Videos/convert image to text/xulyanh-server
/home/tranthach/Videos/convert image to text/xulyanh-server/uploads/
saving /home/tranthach/Videos/convert image to text/xulyanh-server/uploads/maxresdefault.docx
/home/tranthach/Videos/convert image to text/xulyanh-server
/home/tranthach/Videos/convert image to text/xulyanh-server/uploads/
saving /home/tranthach/Videos/convert image to text/xulyanh-server/uploads/maxresdefault.docx
/home/tranthach/Videos/convert image to text/xulyanh-server
/home/tranthach/Videos/convert image to text/xulyanh-server/uploads/
saving /home/tranthach/Videos/convert image to text/xulyanh-server/uploads/maxresdefault.docx
/home/tranthach/Videos/convert image to text/xulyanh-server
/home/tranthach/Videos/convert image to text/xulyanh-server/uploads/
/home/tranthach/Videos/convert image to text/xulyanh-server
/home/tranthach/Videos/convert image to text/xulyanh-server/uploads/
saving /home/tranthach/Videos/convert image to text/xulyanh-server/uploads/maxresdefault.docx
/home/tranthach/Videos/convert image to text/xulyanh-server
/home/tranthach/Videos/convert image to text/xulyanh-server/uploads/
saving /home/tranthach/Videos/convert image to text/xulyanh-server/uploads/maxresdefault.docx
/home/tranthach/Videos/convert image to text/xulyanh-server
/home/tranthach/Videos/convert image to text/xulyanh-server/uploads/
saving /home/tranthach/Videos/convert image to text/xulyanh-server/uploads/maxresdefault.docx
/home/tranthach/Videos/convert image to text/xulyanh-server
/home/tranthach/Videos/convert image to text/xulyanh-server/uploads/
saving /home/tranthach/Videos/convert image to text/xulyanh-server/uploads/maxresdefault.docx
/home/tranthach/Videos/convert image to text/xulyanh-server
/home/tranthach/Videos/convert image to text/xulyanh-server/uploads/
/home/tranthach/Videos/convert image to text/xulyanh-server
/home/tranthach/Videos/convert image to text/xulyanh-server/uploads/
saving /home/tranthach/Videos/convert image to text/xulyanh-server/uploads/maxresdefault.docx
saving /home/tranthach/Videos/convert image to text/xulyanh-server/uploads/maxresdefault.docx
/home/tranthach/Videos/convert image to text/xulyanh-server
/home/tranthach/Videos/convert image to text/xulyanh-server/uploads/
/home/tranthach/Videos/convert image to text/xulyanh-server
/home/tranthach/Videos/convert image to text/xulyanh-server/uploads/
saving /home/tranthach/Videos/convert image to text/xulyanh-server/uploads/t3qWG.docx
saving /home/tranthach/Videos/convert image to text/xulyanh-server/uploads/t3qWG.docx
/home/tranthach/Videos/convert image to text/xulyanh-server
/home/tranthach/Videos/convert image to text/xulyanh-server/uploads/
saving /home/tranthach/Videos/convert image to text/xulyanh-server/uploads/maxresdefault.docx
/home/tranthach/Videos/convert image to text/xulyanh-server
/home/tranthach/Videos/convert image to text/xulyanh-server/uploads/
saving /home/tranthach/Videos/convert image to text/xulyanh-server/uploads/maxresdefault.docx
/home/tranthach/Videos/convert image to text/xulyanh-server
/home/tranthach/Videos/convert image to text/xulyanh-server/uploads/
saving /home/tranthach/Videos/convert image to text/xulyanh-server/uploads/maxresdefault.docx
/home/tranthach/Videos/convert image to text/xulyanh-server
/home/tranthach/Videos/convert image to text/xulyanh-server/uploads/
saving /home/tranthach/Videos/convert image to text/xulyanh-server/uploads/maxresdefault.docx
/home/tranthach/Videos/convert image to text/xulyanh-server
/home/tranthach/Videos/convert image to text/xulyanh-server/uploads/
saving /home/tranthach/Videos/convert image to text/xulyanh-server/uploads/maxresdefault.docx
/home/tranthach/Videos/convert image to text/xulyanh-server
/home/tranthach/Videos/convert image to text/xulyanh-server/uploads/
saving /home/tranthach/Videos/convert image to text/xulyanh-server/uploads/maxresdefault.docx
/home/tranthach/Videos/convert image to text/xulyanh-server
/home/tranthach/Videos/convert image to text/xulyanh-server/uploads/
saving /home/tranthach/Videos/convert image to text/xulyanh-server/uploads/maxresdefault.docx
